2017-03-04 09:24:31  [ main:0 ] - [ INFO ]  Refreshing org.springframework.context.support.ClassPathXmlApplicationContext@33e5ccce: startup date [Sat Mar 04 09:24:31 CST 2017]; root of context hierarchy
2017-03-04 09:24:31  [ main:46 ] - [ INFO ]  Loading XML bean definitions from class path resource [beans.xml]
2017-03-04 09:24:31  [ main:486 ] - [ INFO ]  Loading properties file from class path resource [db.properties]
2017-03-04 09:24:32  [ main:760 ] - [ INFO ]  Mapped "{[/login.action]}" onto public java.lang.String com.yc.controller.UserController.show()
2017-03-04 09:24:32  [ main:902 ] - [ INFO ]  Looking for @ControllerAdvice: org.springframework.context.support.ClassPathXmlApplicationContext@33e5ccce: startup date [Sat Mar 04 09:24:31 CST 2017]; root of context hierarchy
2017-03-04 09:24:32  [ main:950 ] - [ INFO ]  Looking for @ControllerAdvice: org.springframework.context.support.ClassPathXmlApplicationContext@33e5ccce: startup date [Sat Mar 04 09:24:31 CST 2017]; root of context hierarchy
2017-03-04 09:24:32  [ main:1006 ] - [ INFO ]  Mapped URL path [/css/**] onto handler 'org.springframework.web.servlet.resource.ResourceHttpRequestHandler#0'
2017-03-04 09:24:32  [ main:1009 ] - [ INFO ]  Mapped URL path [/imagess/**] onto handler 'org.springframework.web.servlet.resource.ResourceHttpRequestHandler#1'
2017-03-04 09:24:32  [ main:1012 ] - [ INFO ]  Mapped URL path [/js/**] onto handler 'org.springframework.web.servlet.resource.ResourceHttpRequestHandler#2'
2017-03-04 09:24:32  [ main:1209 ] - [ WARN ]  Exception encountered during context initialization - cancelling refresh attempt: org.springframework.beans.factory.BeanCreationException: Error creating bean with name 'usersBizImpl': Injection of resource dependencies failed; nested exception is org.springframework.beans.factory.BeanCreationException: Error creating bean with name 'basicDaoImpl': Injection of resource dependencies failed; nested exception is org.springframework.beans.factory.BeanCreationException: Error creating bean with name 'sqlSessionFactory' defined in class path resource [beans.xml]: Invocation of init method failed; nested exception is org.springframework.core.NestedIOException: Failed to parse mapping resource: 'file [/Users/apple-w/eclipse/jee-neon2/hr/target/classes/com/yc/mapper/UsersMapper.xml]'; nested exception is org.apache.ibatis.builder.BuilderException: Error parsing Mapper XML. Cause: java.lang.IllegalArgumentException: Result Maps collection already contains value for com.yc.mapper.UsersMapper.BaseResultMap
2017-03-04 09:25:16  [ main:0 ] - [ INFO ]  Refreshing org.springframework.context.support.ClassPathXmlApplicationContext@33e5ccce: startup date [Sat Mar 04 09:25:16 CST 2017]; root of context hierarchy
2017-03-04 09:25:16  [ main:45 ] - [ INFO ]  Loading XML bean definitions from class path resource [beans.xml]
2017-03-04 09:25:16  [ main:498 ] - [ INFO ]  Loading properties file from class path resource [db.properties]
2017-03-04 09:25:16  [ main:777 ] - [ INFO ]  Mapped "{[/login.action]}" onto public java.lang.String com.yc.controller.UserController.show()
2017-03-04 09:25:16  [ main:922 ] - [ INFO ]  Looking for @ControllerAdvice: org.springframework.context.support.ClassPathXmlApplicationContext@33e5ccce: startup date [Sat Mar 04 09:25:16 CST 2017]; root of context hierarchy
2017-03-04 09:25:16  [ main:972 ] - [ INFO ]  Looking for @ControllerAdvice: org.springframework.context.support.ClassPathXmlApplicationContext@33e5ccce: startup date [Sat Mar 04 09:25:16 CST 2017]; root of context hierarchy
2017-03-04 09:25:17  [ main:1033 ] - [ INFO ]  Mapped URL path [/css/**] onto handler 'org.springframework.web.servlet.resource.ResourceHttpRequestHandler#0'
2017-03-04 09:25:17  [ main:1036 ] - [ INFO ]  Mapped URL path [/imagess/**] onto handler 'org.springframework.web.servlet.resource.ResourceHttpRequestHandler#1'
2017-03-04 09:25:17  [ main:1039 ] - [ INFO ]  Mapped URL path [/js/**] onto handler 'org.springframework.web.servlet.resource.ResourceHttpRequestHandler#2'
2017-03-04 09:25:17  [ main:1248 ] - [ WARN ]  Exception encountered during context initialization - cancelling refresh attempt: org.springframework.beans.factory.BeanCreationException: Error creating bean with name 'usersBizImpl': Injection of resource dependencies failed; nested exception is org.springframework.beans.factory.BeanCreationException: Error creating bean with name 'basicDaoImpl': Injection of resource dependencies failed; nested exception is org.springframework.beans.factory.BeanCreationException: Error creating bean with name 'sqlSessionFactory' defined in class path resource [beans.xml]: Invocation of init method failed; nested exception is org.springframework.core.NestedIOException: Failed to parse mapping resource: 'file [/Users/apple-w/eclipse/jee-neon2/hr/target/classes/com/yc/mapper/UsersMapper.xml]'; nested exception is org.apache.ibatis.builder.BuilderException: Error parsing Mapper XML. Cause: java.lang.IllegalArgumentException: Result Maps collection already contains value for com.yc.mapper.UsersMapper.BaseResultMap
2017-03-04 09:39:28  [ main:0 ] - [ INFO ]  Refreshing org.springframework.context.support.ClassPathXmlApplicationContext@1c2c22f3: startup date [Sat Mar 04 09:39:28 CST 2017]; root of context hierarchy
2017-03-04 09:39:28  [ main:43 ] - [ INFO ]  Loading XML bean definitions from class path resource [beans.xml]
2017-03-04 09:39:29  [ main:486 ] - [ INFO ]  Loading properties file from class path resource [db.properties]
2017-03-04 09:39:29  [ main:770 ] - [ INFO ]  Mapped "{[/login.action]}" onto public java.lang.String com.yc.controller.UserController.show()
2017-03-04 09:39:29  [ main:920 ] - [ INFO ]  Looking for @ControllerAdvice: org.springframework.context.support.ClassPathXmlApplicationContext@1c2c22f3: startup date [Sat Mar 04 09:39:28 CST 2017]; root of context hierarchy
2017-03-04 09:39:29  [ main:972 ] - [ INFO ]  Looking for @ControllerAdvice: org.springframework.context.support.ClassPathXmlApplicationContext@1c2c22f3: startup date [Sat Mar 04 09:39:28 CST 2017]; root of context hierarchy
2017-03-04 09:39:29  [ main:1030 ] - [ INFO ]  Mapped URL path [/css/**] onto handler 'org.springframework.web.servlet.resource.ResourceHttpRequestHandler#0'
2017-03-04 09:39:29  [ main:1034 ] - [ INFO ]  Mapped URL path [/imagess/**] onto handler 'org.springframework.web.servlet.resource.ResourceHttpRequestHandler#1'
2017-03-04 09:39:29  [ main:1037 ] - [ INFO ]  Mapped URL path [/js/**] onto handler 'org.springframework.web.servlet.resource.ResourceHttpRequestHandler#2'
2017-03-04 09:39:30  [ main:1246 ] - [ WARN ]  Exception encountered during context initialization - cancelling refresh attempt: org.springframework.beans.factory.BeanCreationException: Error creating bean with name 'usersBizImpl': Injection of resource dependencies failed; nested exception is org.springframework.beans.factory.BeanCreationException: Error creating bean with name 'basicDaoImpl': Injection of resource dependencies failed; nested exception is org.springframework.beans.factory.BeanCreationException: Error creating bean with name 'sqlSessionFactory' defined in class path resource [beans.xml]: Invocation of init method failed; nested exception is org.springframework.core.NestedIOException: Failed to parse mapping resource: 'file [/Users/apple-w/eclipse/jee-neon2/hr/target/classes/mapper/UsersMapper.xml]'; nested exception is org.apache.ibatis.builder.BuilderException: Error parsing Mapper XML. Cause: java.lang.IllegalArgumentException: Result Maps collection already contains value for com.yc.mapper.UsersMapper.BaseResultMap
2017-03-04 09:39:30  [ main:1254 ] - [ INFO ]  Refreshing org.springframework.context.support.ClassPathXmlApplicationContext@3eb77ea8: startup date [Sat Mar 04 09:39:30 CST 2017]; root of context hierarchy
2017-03-04 09:39:30  [ main:1255 ] - [ INFO ]  Loading XML bean definitions from class path resource [beans.xml]
2017-03-04 09:39:30  [ main:1340 ] - [ INFO ]  Loading properties file from class path resource [db.properties]
2017-03-04 09:39:30  [ main:1379 ] - [ INFO ]  Mapped "{[/login.action]}" onto public java.lang.String com.yc.controller.UserController.show()
2017-03-04 09:39:30  [ main:1406 ] - [ INFO ]  Looking for @ControllerAdvice: org.springframework.context.support.ClassPathXmlApplicationContext@3eb77ea8: startup date [Sat Mar 04 09:39:30 CST 2017]; root of context hierarchy
2017-03-04 09:39:30  [ main:1419 ] - [ INFO ]  Looking for @ControllerAdvice: org.springframework.context.support.ClassPathXmlApplicationContext@3eb77ea8: startup date [Sat Mar 04 09:39:30 CST 2017]; root of context hierarchy
2017-03-04 09:39:30  [ main:1455 ] - [ INFO ]  Mapped URL path [/css/**] onto handler 'org.springframework.web.servlet.resource.ResourceHttpRequestHandler#0'
2017-03-04 09:39:30  [ main:1458 ] - [ INFO ]  Mapped URL path [/imagess/**] onto handler 'org.springframework.web.servlet.resource.ResourceHttpRequestHandler#1'
2017-03-04 09:39:30  [ main:1461 ] - [ INFO ]  Mapped URL path [/js/**] onto handler 'org.springframework.web.servlet.resource.ResourceHttpRequestHandler#2'
2017-03-04 09:39:30  [ main:1498 ] - [ WARN ]  Exception encountered during context initialization - cancelling refresh attempt: org.springframework.beans.factory.BeanCreationException: Error creating bean with name 'usersBizImpl': Injection of resource dependencies failed; nested exception is org.springframework.beans.factory.BeanCreationException: Error creating bean with name 'basicDaoImpl': Injection of resource dependencies failed; nested exception is org.springframework.beans.factory.BeanCreationException: Error creating bean with name 'sqlSessionFactory' defined in class path resource [beans.xml]: Invocation of init method failed; nested exception is org.springframework.core.NestedIOException: Failed to parse mapping resource: 'file [/Users/apple-w/eclipse/jee-neon2/hr/target/classes/mapper/UsersMapper.xml]'; nested exception is org.apache.ibatis.builder.BuilderException: Error parsing Mapper XML. Cause: java.lang.IllegalArgumentException: Result Maps collection already contains value for com.yc.mapper.UsersMapper.BaseResultMap
2017-03-04 09:42:04  [ main:0 ] - [ INFO ]  Refreshing org.springframework.context.support.ClassPathXmlApplicationContext@33e5ccce: startup date [Sat Mar 04 09:42:04 CST 2017]; root of context hierarchy
2017-03-04 09:42:05  [ main:46 ] - [ INFO ]  Loading XML bean definitions from class path resource [beans.xml]
2017-03-04 09:42:05  [ main:501 ] - [ INFO ]  Loading properties file from class path resource [db.properties]
2017-03-04 09:42:05  [ main:783 ] - [ INFO ]  Mapped "{[/login.action]}" onto public java.lang.String com.yc.controller.UserController.show()
2017-03-04 09:42:05  [ main:935 ] - [ INFO ]  Looking for @ControllerAdvice: org.springframework.context.support.ClassPathXmlApplicationContext@33e5ccce: startup date [Sat Mar 04 09:42:04 CST 2017]; root of context hierarchy
2017-03-04 09:42:05  [ main:981 ] - [ INFO ]  Looking for @ControllerAdvice: org.springframework.context.support.ClassPathXmlApplicationContext@33e5ccce: startup date [Sat Mar 04 09:42:04 CST 2017]; root of context hierarchy
2017-03-04 09:42:06  [ main:1037 ] - [ INFO ]  Mapped URL path [/css/**] onto handler 'org.springframework.web.servlet.resource.ResourceHttpRequestHandler#0'
2017-03-04 09:42:06  [ main:1040 ] - [ INFO ]  Mapped URL path [/imagess/**] onto handler 'org.springframework.web.servlet.resource.ResourceHttpRequestHandler#1'
2017-03-04 09:42:06  [ main:1043 ] - [ INFO ]  Mapped URL path [/js/**] onto handler 'org.springframework.web.servlet.resource.ResourceHttpRequestHandler#2'
2017-03-04 09:42:06  [ main:1245 ] - [ WARN ]  Exception encountered during context initialization - cancelling refresh attempt: org.springframework.beans.factory.BeanCreationException: Error creating bean with name 'usersBizImpl': Injection of resource dependencies failed; nested exception is org.springframework.beans.factory.BeanCreationException: Error creating bean with name 'basicDaoImpl': Injection of resource dependencies failed; nested exception is org.springframework.beans.factory.BeanCreationException: Error creating bean with name 'sqlSessionFactory' defined in class path resource [beans.xml]: Invocation of init method failed; nested exception is org.springframework.core.NestedIOException: Failed to parse mapping resource: 'file [/Users/apple-w/eclipse/jee-neon2/hr/target/classes/mapper/UsersMapper.xml]'; nested exception is org.apache.ibatis.builder.BuilderException: Error parsing Mapper XML. Cause: java.lang.IllegalArgumentException: Result Maps collection already contains value for com.yc.mapper.UsersMapper.BaseResultMap
2017-03-04 09:45:55  [ main:0 ] - [ INFO ]  Refreshing org.springframework.context.support.ClassPathXmlApplicationContext@33e5ccce: startup date [Sat Mar 04 09:45:55 CST 2017]; root of context hierarchy
2017-03-04 09:45:55  [ main:44 ] - [ INFO ]  Loading XML bean definitions from class path resource [beans.xml]
2017-03-04 09:45:56  [ main:496 ] - [ INFO ]  Loading properties file from class path resource [db.properties]
2017-03-04 09:45:56  [ main:773 ] - [ INFO ]  Mapped "{[/login.action]}" onto public java.lang.String com.yc.controller.UserController.show()
2017-03-04 09:45:56  [ main:921 ] - [ INFO ]  Looking for @ControllerAdvice: org.springframework.context.support.ClassPathXmlApplicationContext@33e5ccce: startup date [Sat Mar 04 09:45:55 CST 2017]; root of context hierarchy
2017-03-04 09:45:56  [ main:966 ] - [ INFO ]  Looking for @ControllerAdvice: org.springframework.context.support.ClassPathXmlApplicationContext@33e5ccce: startup date [Sat Mar 04 09:45:55 CST 2017]; root of context hierarchy
2017-03-04 09:45:56  [ main:1021 ] - [ INFO ]  Mapped URL path [/css/**] onto handler 'org.springframework.web.servlet.resource.ResourceHttpRequestHandler#0'
2017-03-04 09:45:56  [ main:1024 ] - [ INFO ]  Mapped URL path [/imagess/**] onto handler 'org.springframework.web.servlet.resource.ResourceHttpRequestHandler#1'
2017-03-04 09:45:56  [ main:1028 ] - [ INFO ]  Mapped URL path [/js/**] onto handler 'org.springframework.web.servlet.resource.ResourceHttpRequestHandler#2'
2017-03-04 09:45:56  [ main:1222 ] - [ WARN ]  Exception encountered during context initialization - cancelling refresh attempt: org.springframework.beans.factory.BeanCreationException: Error creating bean with name 'usersBizImpl': Injection of resource dependencies failed; nested exception is org.springframework.beans.factory.BeanCreationException: Error creating bean with name 'basicDaoImpl': Injection of resource dependencies failed; nested exception is org.springframework.beans.factory.BeanCreationException: Error creating bean with name 'sqlSessionFactory' defined in class path resource [beans.xml]: Invocation of init method failed; nested exception is org.springframework.core.NestedIOException: Failed to parse mapping resource: 'file [/Users/apple-w/eclipse/jee-neon2/hr/target/classes/mapper/UsersMapper.xml]'; nested exception is org.apache.ibatis.builder.BuilderException: Error parsing Mapper XML. Cause: java.lang.IllegalArgumentException: Result Maps collection already contains value for com.yc.mapper.UsersMapper.BaseResultMap
2017-03-04 09:47:40  [ main:0 ] - [ INFO ]  Refreshing org.springframework.context.support.ClassPathXmlApplicationContext@33e5ccce: startup date [Sat Mar 04 09:47:40 CST 2017]; root of context hierarchy
2017-03-04 09:47:40  [ main:43 ] - [ INFO ]  Loading XML bean definitions from class path resource [beans.xml]
2017-03-04 09:47:41  [ main:479 ] - [ INFO ]  Loading properties file from class path resource [db.properties]
2017-03-04 09:47:41  [ main:755 ] - [ INFO ]  Mapped "{[/login.action]}" onto public java.lang.String com.yc.controller.UserController.show()
2017-03-04 09:47:41  [ main:904 ] - [ INFO ]  Looking for @ControllerAdvice: org.springframework.context.support.ClassPathXmlApplicationContext@33e5ccce: startup date [Sat Mar 04 09:47:40 CST 2017]; root of context hierarchy
2017-03-04 09:47:41  [ main:949 ] - [ INFO ]  Looking for @ControllerAdvice: org.springframework.context.support.ClassPathXmlApplicationContext@33e5ccce: startup date [Sat Mar 04 09:47:40 CST 2017]; root of context hierarchy
2017-03-04 09:47:41  [ main:1005 ] - [ INFO ]  Mapped URL path [/css/**] onto handler 'org.springframework.web.servlet.resource.ResourceHttpRequestHandler#0'
2017-03-04 09:47:41  [ main:1009 ] - [ INFO ]  Mapped URL path [/imagess/**] onto handler 'org.springframework.web.servlet.resource.ResourceHttpRequestHandler#1'
2017-03-04 09:47:41  [ main:1011 ] - [ INFO ]  Mapped URL path [/js/**] onto handler 'org.springframework.web.servlet.resource.ResourceHttpRequestHandler#2'
2017-03-04 09:47:41  [ main:1209 ] - [ WARN ]  Exception encountered during context initialization - cancelling refresh attempt: org.springframework.beans.factory.BeanCreationException: Error creating bean with name 'usersBizImpl': Injection of resource dependencies failed; nested exception is org.springframework.beans.factory.BeanCreationException: Error creating bean with name 'basicDaoImpl': Injection of resource dependencies failed; nested exception is org.springframework.beans.factory.BeanCreationException: Error creating bean with name 'sqlSessionFactory' defined in class path resource [beans.xml]: Invocation of init method failed; nested exception is org.springframework.core.NestedIOException: Failed to parse mapping resource: 'file [/Users/apple-w/eclipse/jee-neon2/hr/target/classes/mapper/UsersMapper.xml]'; nested exception is org.apache.ibatis.builder.BuilderException: Error parsing Mapper XML. Cause: java.lang.IllegalArgumentException: Result Maps collection already contains value for com.yc.mapper.UsersMapper.BaseResultMap
2017-03-04 09:48:54  [ main:0 ] - [ INFO ]  Refreshing org.springframework.context.support.ClassPathXmlApplicationContext@33e5ccce: startup date [Sat Mar 04 09:48:54 CST 2017]; root of context hierarchy
2017-03-04 09:48:54  [ main:44 ] - [ INFO ]  Loading XML bean definitions from class path resource [beans.xml]
2017-03-04 09:48:54  [ main:617 ] - [ INFO ]  Loading properties file from class path resource [db.properties]
2017-03-04 09:48:55  [ main:1063 ] - [ INFO ]  Mapped "{[/login.action]}" onto public java.lang.String com.yc.controller.UserController.show()
2017-03-04 09:48:55  [ main:1272 ] - [ INFO ]  Looking for @ControllerAdvice: org.springframework.context.support.ClassPathXmlApplicationContext@33e5ccce: startup date [Sat Mar 04 09:48:54 CST 2017]; root of context hierarchy
2017-03-04 09:48:55  [ main:1319 ] - [ INFO ]  Looking for @ControllerAdvice: org.springframework.context.support.ClassPathXmlApplicationContext@33e5ccce: startup date [Sat Mar 04 09:48:54 CST 2017]; root of context hierarchy
2017-03-04 09:48:55  [ main:1389 ] - [ INFO ]  Mapped URL path [/css/**] onto handler 'org.springframework.web.servlet.resource.ResourceHttpRequestHandler#0'
2017-03-04 09:48:55  [ main:1393 ] - [ INFO ]  Mapped URL path [/imagess/**] onto handler 'org.springframework.web.servlet.resource.ResourceHttpRequestHandler#1'
2017-03-04 09:48:55  [ main:1397 ] - [ INFO ]  Mapped URL path [/js/**] onto handler 'org.springframework.web.servlet.resource.ResourceHttpRequestHandler#2'
2017-03-04 09:48:55  [ main:1640 ] - [ WARN ]  Exception encountered during context initialization - cancelling refresh attempt: org.springframework.beans.factory.BeanCreationException: Error creating bean with name 'usersBizImpl': Injection of resource dependencies failed; nested exception is org.springframework.beans.factory.BeanCreationException: Error creating bean with name 'basicDaoImpl': Injection of resource dependencies failed; nested exception is org.springframework.beans.factory.BeanCreationException: Error creating bean with name 'sqlSessionFactory' defined in class path resource [beans.xml]: Invocation of init method failed; nested exception is org.springframework.core.NestedIOException: Failed to parse mapping resource: 'file [/Users/apple-w/eclipse/jee-neon2/hr/target/classes/mapper/UsersMapper.xml]'; nested exception is org.apache.ibatis.builder.BuilderException: Error parsing Mapper XML. Cause: java.lang.IllegalArgumentException: Result Maps collection already contains value for com.yc.mapper.UsersMapper.BaseResultMap
2017-03-04 09:59:01  [ main:0 ] - [ INFO ]  Refreshing org.springframework.context.support.ClassPathXmlApplicationContext@33e5ccce: startup date [Sat Mar 04 09:59:01 CST 2017]; root of context hierarchy
2017-03-04 09:59:02  [ main:43 ] - [ INFO ]  Loading XML bean definitions from class path resource [beans.xml]
2017-03-04 09:59:02  [ main:493 ] - [ INFO ]  Loading properties file from class path resource [db.properties]
2017-03-04 09:59:02  [ main:788 ] - [ INFO ]  Mapped "{[/login.action]}" onto public java.lang.String com.yc.controller.UserController.show()
2017-03-04 09:59:02  [ main:947 ] - [ INFO ]  Looking for @ControllerAdvice: org.springframework.context.support.ClassPathXmlApplicationContext@33e5ccce: startup date [Sat Mar 04 09:59:01 CST 2017]; root of context hierarchy
2017-03-04 09:59:02  [ main:997 ] - [ INFO ]  Looking for @ControllerAdvice: org.springframework.context.support.ClassPathXmlApplicationContext@33e5ccce: startup date [Sat Mar 04 09:59:01 CST 2017]; root of context hierarchy
2017-03-04 09:59:03  [ main:1054 ] - [ INFO ]  Mapped URL path [/css/**] onto handler 'org.springframework.web.servlet.resource.ResourceHttpRequestHandler#0'
2017-03-04 09:59:03  [ main:1057 ] - [ INFO ]  Mapped URL path [/imagess/**] onto handler 'org.springframework.web.servlet.resource.ResourceHttpRequestHandler#1'
2017-03-04 09:59:03  [ main:1060 ] - [ INFO ]  Mapped URL path [/js/**] onto handler 'org.springframework.web.servlet.resource.ResourceHttpRequestHandler#2'
2017-03-04 09:59:03  [ main:1267 ] - [ WARN ]  Exception encountered during context initialization - cancelling refresh attempt: org.springframework.beans.factory.BeanCreationException: Error creating bean with name 'usersBizImpl': Injection of resource dependencies failed; nested exception is org.springframework.beans.factory.BeanCreationException: Error creating bean with name 'basicDaoImpl': Injection of resource dependencies failed; nested exception is org.springframework.beans.factory.BeanCreationException: Error creating bean with name 'sqlSessionFactory' defined in class path resource [beans.xml]: Invocation of init method failed; nested exception is org.springframework.core.NestedIOException: Failed to parse mapping resource: 'file [/Users/apple-w/eclipse/jee-neon2/hr/target/classes/mapper/UsersMapper.xml]'; nested exception is org.apache.ibatis.builder.BuilderException: Error parsing Mapper XML. Cause: java.lang.IllegalArgumentException: Result Maps collection already contains value for mapper.UsersMapper.BaseResultMap
2017-03-04 10:05:16  [ main:1 ] - [ INFO ]  Refreshing org.springframework.context.support.ClassPathXmlApplicationContext@33e5ccce: startup date [Sat Mar 04 10:05:16 CST 2017]; root of context hierarchy
2017-03-04 10:05:16  [ main:41 ] - [ INFO ]  Loading XML bean definitions from class path resource [beans.xml]
2017-03-04 10:05:16  [ main:497 ] - [ INFO ]  Loading properties file from class path resource [db.properties]
2017-03-04 10:05:17  [ main:773 ] - [ INFO ]  Mapped "{[/login.action]}" onto public java.lang.String com.yc.controller.UserController.show()
2017-03-04 10:05:17  [ main:928 ] - [ INFO ]  Looking for @ControllerAdvice: org.springframework.context.support.ClassPathXmlApplicationContext@33e5ccce: startup date [Sat Mar 04 10:05:16 CST 2017]; root of context hierarchy
2017-03-04 10:05:17  [ main:973 ] - [ INFO ]  Looking for @ControllerAdvice: org.springframework.context.support.ClassPathXmlApplicationContext@33e5ccce: startup date [Sat Mar 04 10:05:16 CST 2017]; root of context hierarchy
2017-03-04 10:05:17  [ main:1029 ] - [ INFO ]  Mapped URL path [/css/**] onto handler 'org.springframework.web.servlet.resource.ResourceHttpRequestHandler#0'
2017-03-04 10:05:17  [ main:1032 ] - [ INFO ]  Mapped URL path [/imagess/**] onto handler 'org.springframework.web.servlet.resource.ResourceHttpRequestHandler#1'
2017-03-04 10:05:17  [ main:1035 ] - [ INFO ]  Mapped URL path [/js/**] onto handler 'org.springframework.web.servlet.resource.ResourceHttpRequestHandler#2'
2017-03-04 10:05:17  [ main:1311 ] - [ WARN ]  Exception encountered during context initialization - cancelling refresh attempt: org.springframework.beans.factory.BeanCreationException: Error creating bean with name 'usersBizImpl': Injection of resource dependencies failed; nested exception is org.springframework.beans.factory.BeanCreationException: Error creating bean with name 'basicDaoImpl': Injection of resource dependencies failed; nested exception is org.springframework.beans.factory.BeanCreationException: Error creating bean with name 'sqlSessionFactory' defined in class path resource [beans.xml]: Invocation of init method failed; nested exception is org.springframework.core.NestedIOException: Failed to parse mapping resource: 'file [/Users/apple-w/eclipse/jee-neon2/hr/target/classes/mapper/UsersMapper.xml]'; nested exception is org.apache.ibatis.builder.BuilderException: Error parsing Mapper XML. Cause: java.lang.IllegalArgumentException: Mapped Statements collection already contains value for mapper.UsersMapper.selectByPrimaryKey
2017-03-04 10:07:23  [ main:0 ] - [ INFO ]  Refreshing org.springframework.context.support.ClassPathXmlApplicationContext@33e5ccce: startup date [Sat Mar 04 10:07:23 CST 2017]; root of context hierarchy
2017-03-04 10:07:23  [ main:43 ] - [ INFO ]  Loading XML bean definitions from class path resource [beans.xml]
2017-03-04 10:07:23  [ main:476 ] - [ INFO ]  Loading properties file from class path resource [db.properties]
2017-03-04 10:07:23  [ main:755 ] - [ INFO ]  Mapped "{[/login.action]}" onto public java.lang.String com.yc.controller.UserController.show()
2017-03-04 10:07:23  [ main:905 ] - [ INFO ]  Looking for @ControllerAdvice: org.springframework.context.support.ClassPathXmlApplicationContext@33e5ccce: startup date [Sat Mar 04 10:07:23 CST 2017]; root of context hierarchy
2017-03-04 10:07:23  [ main:951 ] - [ INFO ]  Looking for @ControllerAdvice: org.springframework.context.support.ClassPathXmlApplicationContext@33e5ccce: startup date [Sat Mar 04 10:07:23 CST 2017]; root of context hierarchy
2017-03-04 10:07:24  [ main:1007 ] - [ INFO ]  Mapped URL path [/css/**] onto handler 'org.springframework.web.servlet.resource.ResourceHttpRequestHandler#0'
2017-03-04 10:07:24  [ main:1011 ] - [ INFO ]  Mapped URL path [/imagess/**] onto handler 'org.springframework.web.servlet.resource.ResourceHttpRequestHandler#1'
2017-03-04 10:07:24  [ main:1014 ] - [ INFO ]  Mapped URL path [/js/**] onto handler 'org.springframework.web.servlet.resource.ResourceHttpRequestHandler#2'
2017-03-04 10:07:24  [ main:1269 ] - [ WARN ]  Exception encountered during context initialization - cancelling refresh attempt: org.springframework.beans.factory.BeanCreationException: Error creating bean with name 'usersBizImpl': Injection of resource dependencies failed; nested exception is org.springframework.beans.factory.BeanCreationException: Error creating bean with name 'basicDaoImpl': Injection of resource dependencies failed; nested exception is org.springframework.beans.factory.BeanCreationException: Error creating bean with name 'sqlSessionFactory' defined in class path resource [beans.xml]: Invocation of init method failed; nested exception is org.springframework.core.NestedIOException: Failed to parse mapping resource: 'file [/Users/apple-w/eclipse/jee-neon2/hr/target/classes/mapper/UsersMapper.xml]'; nested exception is org.apache.ibatis.builder.BuilderException: Error parsing Mapper XML. Cause: java.lang.IllegalArgumentException: Mapped Statements collection already contains value for mapper.UsersMapper.selectByPrimaryKey
2017-03-04 10:09:05  [ main:0 ] - [ INFO ]  Refreshing org.springframework.context.support.ClassPathXmlApplicationContext@33e5ccce: startup date [Sat Mar 04 10:09:05 CST 2017]; root of context hierarchy
2017-03-04 10:09:05  [ main:43 ] - [ INFO ]  Loading XML bean definitions from class path resource [beans.xml]
2017-03-04 10:09:05  [ main:484 ] - [ INFO ]  Loading properties file from class path resource [db.properties]
2017-03-04 10:09:05  [ main:769 ] - [ INFO ]  Mapped "{[/login.action]}" onto public java.lang.String com.yc.controller.UserController.show()
2017-03-04 10:09:06  [ main:919 ] - [ INFO ]  Looking for @ControllerAdvice: org.springframework.context.support.ClassPathXmlApplicationContext@33e5ccce: startup date [Sat Mar 04 10:09:05 CST 2017]; root of context hierarchy
2017-03-04 10:09:06  [ main:966 ] - [ INFO ]  Looking for @ControllerAdvice: org.springframework.context.support.ClassPathXmlApplicationContext@33e5ccce: startup date [Sat Mar 04 10:09:05 CST 2017]; root of context hierarchy
2017-03-04 10:09:06  [ main:1018 ] - [ INFO ]  Mapped URL path [/css/**] onto handler 'org.springframework.web.servlet.resource.ResourceHttpRequestHandler#0'
2017-03-04 10:09:06  [ main:1021 ] - [ INFO ]  Mapped URL path [/imagess/**] onto handler 'org.springframework.web.servlet.resource.ResourceHttpRequestHandler#1'
2017-03-04 10:09:06  [ main:1025 ] - [ INFO ]  Mapped URL path [/js/**] onto handler 'org.springframework.web.servlet.resource.ResourceHttpRequestHandler#2'
2017-03-04 10:09:06  [ main:1281 ] - [ WARN ]  Exception encountered during context initialization - cancelling refresh attempt: org.springframework.beans.factory.BeanCreationException: Error creating bean with name 'usersBizImpl': Injection of resource dependencies failed; nested exception is org.springframework.beans.factory.BeanCreationException: Error creating bean with name 'basicDaoImpl': Injection of resource dependencies failed; nested exception is org.springframework.beans.factory.BeanCreationException: Error creating bean with name 'sqlSessionFactory' defined in class path resource [beans.xml]: Invocation of init method failed; nested exception is org.springframework.core.NestedIOException: Failed to parse mapping resource: 'file [/Users/apple-w/eclipse/jee-neon2/hr/target/classes/mapper/UsersMapper.xml]'; nested exception is org.apache.ibatis.builder.BuilderException: Error parsing Mapper XML. Cause: java.lang.IllegalArgumentException: Mapped Statements collection already contains value for mapper.UsersMapper.selectByPrimaryKey
2017-03-04 10:10:37  [ main:0 ] - [ INFO ]  Refreshing org.springframework.context.support.ClassPathXmlApplicationContext@33e5ccce: startup date [Sat Mar 04 10:10:37 CST 2017]; root of context hierarchy
2017-03-04 10:10:37  [ main:42 ] - [ INFO ]  Loading XML bean definitions from class path resource [beans.xml]
2017-03-04 10:10:38  [ main:486 ] - [ INFO ]  Loading properties file from class path resource [db.properties]
2017-03-04 10:10:38  [ main:774 ] - [ INFO ]  Mapped "{[/login.action]}" onto public java.lang.String com.yc.controller.UserController.show()
2017-03-04 10:10:38  [ main:919 ] - [ INFO ]  Looking for @ControllerAdvice: org.springframework.context.support.ClassPathXmlApplicationContext@33e5ccce: startup date [Sat Mar 04 10:10:37 CST 2017]; root of context hierarchy
2017-03-04 10:10:38  [ main:966 ] - [ INFO ]  Looking for @ControllerAdvice: org.springframework.context.support.ClassPathXmlApplicationContext@33e5ccce: startup date [Sat Mar 04 10:10:37 CST 2017]; root of context hierarchy
2017-03-04 10:10:38  [ main:1024 ] - [ INFO ]  Mapped URL path [/css/**] onto handler 'org.springframework.web.servlet.resource.ResourceHttpRequestHandler#0'
2017-03-04 10:10:38  [ main:1028 ] - [ INFO ]  Mapped URL path [/imagess/**] onto handler 'org.springframework.web.servlet.resource.ResourceHttpRequestHandler#1'
2017-03-04 10:10:38  [ main:1031 ] - [ INFO ]  Mapped URL path [/js/**] onto handler 'org.springframework.web.servlet.resource.ResourceHttpRequestHandler#2'
2017-03-04 10:10:39  [ main:1297 ] - [ WARN ]  Exception encountered during context initialization - cancelling refresh attempt: org.springframework.beans.factory.BeanCreationException: Error creating bean with name 'usersBizImpl': Injection of resource dependencies failed; nested exception is org.springframework.beans.factory.BeanCreationException: Error creating bean with name 'basicDaoImpl': Injection of resource dependencies failed; nested exception is org.springframework.beans.factory.BeanCreationException: Error creating bean with name 'sqlSessionFactory' defined in class path resource [beans.xml]: Invocation of init method failed; nested exception is org.springframework.core.NestedIOException: Failed to parse mapping resource: 'file [/Users/apple-w/eclipse/jee-neon2/hr/target/classes/mapper/UsersMapper.xml]'; nested exception is org.apache.ibatis.builder.BuilderException: Error parsing Mapper XML. Cause: java.lang.IllegalArgumentException: Mapped Statements collection already contains value for mapper.UsersMapper.deleteByPrimaryKey
2017-03-04 10:15:35  [ main:0 ] - [ INFO ]  Refreshing org.springframework.context.support.ClassPathXmlApplicationContext@33e5ccce: startup date [Sat Mar 04 10:15:35 CST 2017]; root of context hierarchy
2017-03-04 10:15:35  [ main:43 ] - [ INFO ]  Loading XML bean definitions from class path resource [beans.xml]
2017-03-04 10:15:35  [ main:493 ] - [ INFO ]  Loading properties file from class path resource [db.properties]
2017-03-04 10:15:36  [ main:783 ] - [ INFO ]  Mapped "{[/login.action]}" onto public java.lang.String com.yc.controller.UserController.show()
2017-03-04 10:15:36  [ main:931 ] - [ INFO ]  Looking for @ControllerAdvice: org.springframework.context.support.ClassPathXmlApplicationContext@33e5ccce: startup date [Sat Mar 04 10:15:35 CST 2017]; root of context hierarchy
2017-03-04 10:15:36  [ main:976 ] - [ INFO ]  Looking for @ControllerAdvice: org.springframework.context.support.ClassPathXmlApplicationContext@33e5ccce: startup date [Sat Mar 04 10:15:35 CST 2017]; root of context hierarchy
2017-03-04 10:15:36  [ main:1033 ] - [ INFO ]  Mapped URL path [/css/**] onto handler 'org.springframework.web.servlet.resource.ResourceHttpRequestHandler#0'
2017-03-04 10:15:36  [ main:1036 ] - [ INFO ]  Mapped URL path [/imagess/**] onto handler 'org.springframework.web.servlet.resource.ResourceHttpRequestHandler#1'
2017-03-04 10:15:36  [ main:1039 ] - [ INFO ]  Mapped URL path [/js/**] onto handler 'org.springframework.web.servlet.resource.ResourceHttpRequestHandler#2'
2017-03-04 10:15:36  [ main:1299 ] - [ WARN ]  Exception encountered during context initialization - cancelling refresh attempt: org.springframework.beans.factory.BeanCreationException: Error creating bean with name 'usersBizImpl': Injection of resource dependencies failed; nested exception is org.springframework.beans.factory.BeanCreationException: Error creating bean with name 'basicDaoImpl': Injection of resource dependencies failed; nested exception is org.springframework.beans.factory.BeanCreationException: Error creating bean with name 'sqlSessionFactory' defined in class path resource [beans.xml]: Invocation of init method failed; nested exception is org.springframework.core.NestedIOException: Failed to parse mapping resource: 'file [/Users/apple-w/eclipse/jee-neon2/hr/target/classes/mapper/configFileFirstKindMapper.xml]'; nested exception is org.apache.ibatis.builder.BuilderException: Error parsing Mapper XML. Cause: java.lang.IllegalArgumentException: Result Maps collection already contains value for com.yc.mapper.configFileFirstKindMapper.BaseResultMap
2017-03-04 10:26:56  [ main:0 ] - [ INFO ]  Refreshing org.springframework.context.support.ClassPathXmlApplicationContext@33e5ccce: startup date [Sat Mar 04 10:26:56 CST 2017]; root of context hierarchy
2017-03-04 10:26:56  [ main:44 ] - [ INFO ]  Loading XML bean definitions from class path resource [beans.xml]
2017-03-04 10:26:57  [ main:499 ] - [ INFO ]  Loading properties file from class path resource [db.properties]
2017-03-04 10:26:57  [ main:782 ] - [ INFO ]  Mapped "{[/login.action]}" onto public java.lang.String com.yc.controller.UserController.show()
2017-03-04 10:26:57  [ main:928 ] - [ INFO ]  Looking for @ControllerAdvice: org.springframework.context.support.ClassPathXmlApplicationContext@33e5ccce: startup date [Sat Mar 04 10:26:56 CST 2017]; root of context hierarchy
2017-03-04 10:26:57  [ main:973 ] - [ INFO ]  Looking for @ControllerAdvice: org.springframework.context.support.ClassPathXmlApplicationContext@33e5ccce: startup date [Sat Mar 04 10:26:56 CST 2017]; root of context hierarchy
2017-03-04 10:26:57  [ main:1030 ] - [ INFO ]  Mapped URL path [/css/**] onto handler 'org.springframework.web.servlet.resource.ResourceHttpRequestHandler#0'
2017-03-04 10:26:57  [ main:1033 ] - [ INFO ]  Mapped URL path [/imagess/**] onto handler 'org.springframework.web.servlet.resource.ResourceHttpRequestHandler#1'
2017-03-04 10:26:57  [ main:1036 ] - [ INFO ]  Mapped URL path [/js/**] onto handler 'org.springframework.web.servlet.resource.ResourceHttpRequestHandler#2'
2017-03-04 10:26:57  [ main:1291 ] - [ WARN ]  Exception encountered during context initialization - cancelling refresh attempt: org.springframework.beans.factory.BeanCreationException: Error creating bean with name 'usersBizImpl': Injection of resource dependencies failed; nested exception is org.springframework.beans.factory.BeanCreationException: Error creating bean with name 'basicDaoImpl': Injection of resource dependencies failed; nested exception is org.springframework.beans.factory.BeanCreationException: Error creating bean with name 'sqlSessionFactory' defined in class path resource [beans.xml]: Invocation of init method failed; nested exception is org.springframework.core.NestedIOException: Failed to parse mapping resource: 'file [/Users/apple-w/eclipse/jee-neon2/hr/target/classes/mapper/configFileFirstKindMapper.xml]'; nested exception is org.apache.ibatis.builder.BuilderException: Error parsing Mapper XML. Cause: org.apache.ibatis.builder.BuilderException: Error resolving class. Cause: org.apache.ibatis.type.TypeException: Could not resolve type alias 'src.main.java.com.yc.bean.configFileFirstKind'.  Cause: java.lang.ClassNotFoundException: Cannot find class: src.main.java.com.yc.bean.configFileFirstKind
2017-03-04 10:30:34  [ main:0 ] - [ INFO ]  Refreshing org.springframework.context.support.ClassPathXmlApplicationContext@33e5ccce: startup date [Sat Mar 04 10:30:34 CST 2017]; root of context hierarchy
2017-03-04 10:30:34  [ main:44 ] - [ INFO ]  Loading XML bean definitions from class path resource [beans.xml]
2017-03-04 10:30:35  [ main:483 ] - [ INFO ]  Loading properties file from class path resource [db.properties]
2017-03-04 10:30:35  [ main:766 ] - [ INFO ]  Mapped "{[/login.action]}" onto public java.lang.String com.yc.controller.UserController.show()
2017-03-04 10:30:35  [ main:913 ] - [ INFO ]  Looking for @ControllerAdvice: org.springframework.context.support.ClassPathXmlApplicationContext@33e5ccce: startup date [Sat Mar 04 10:30:34 CST 2017]; root of context hierarchy
2017-03-04 10:30:35  [ main:958 ] - [ INFO ]  Looking for @ControllerAdvice: org.springframework.context.support.ClassPathXmlApplicationContext@33e5ccce: startup date [Sat Mar 04 10:30:34 CST 2017]; root of context hierarchy
2017-03-04 10:30:35  [ main:1014 ] - [ INFO ]  Mapped URL path [/css/**] onto handler 'org.springframework.web.servlet.resource.ResourceHttpRequestHandler#0'
2017-03-04 10:30:35  [ main:1018 ] - [ INFO ]  Mapped URL path [/imagess/**] onto handler 'org.springframework.web.servlet.resource.ResourceHttpRequestHandler#1'
2017-03-04 10:30:35  [ main:1021 ] - [ INFO ]  Mapped URL path [/js/**] onto handler 'org.springframework.web.servlet.resource.ResourceHttpRequestHandler#2'
